This is pdfTeX, Version 3.141592653-2.6-1.40.25 (TeX Live 2023/Arch Linux) (preloaded format=pdflatex 2024.1.10)  4 FEB 2024 15:50
entering extended mode
 \write18 enabled.
 file:line:error style messages enabled.
 %&-line parsing enabled.
**/home/duskdawn/thesis/src/tex/preamble.tex
(/home/duskdawn/thesis/src/tex/preamble.tex
LaTeX2e <2022-11-01> patch level 1
L3 programming layer <2023-02-22>

! LaTeX Error: File `hdphdthesis.cls' not found.

Type X to quit or <RETURN> to proceed,
or enter new name. (Default extension: cls)

Enter file name: 
/home/duskdawn/thesis/src/tex/preamble.tex:17: Emergency stop.
<read *> 
         
l.17 ^^M
        
*** (cannot \read from terminal in nonstop modes)

 
Here is how much of TeX's memory you used:
 24 strings out of 477985
 593 string characters out of 5840058
 1849388 words of memory out of 5000000
 20321 multiletter control sequences out of 15000+600000
 512287 words of font info for 32 fonts, out of 8000000 for 9000
 14 hyphenation exceptions out of 8191
 19i,0n,29p,101b,17s stack positions out of 10000i,1000n,20000p,200000b,200000s
/home/duskdawn/thesis/src/tex/preamble.tex:17:  ==> Fatal error occurred, no output PDF file produced!
