\BOOKMARK [0][-]{section*.3}{\376\377\000C\000o\000n\000t\000e\000n\000t\000s}{}% 1
\BOOKMARK [0][-]{chapter.1}{\376\377\000I\000n\000t\000r\000o\000d\000u\000c\000t\000i\000o\000n}{}% 2
\BOOKMARK [1][-]{section.1.1}{\376\377\000M\000a\000s\000s\000\040\000a\000n\000d\000\040\000l\000i\000f\000e\000t\000i\000m\000e\000\040\000m\000e\000a\000s\000u\000r\000e\000m\000e\000n\000t\000s}{chapter.1}% 3
\BOOKMARK [1][-]{section.1.2}{\376\377\000S\000t\000o\000r\000a\000g\000e\000\040\000r\000i\000n\000g\000\040\000m\000a\000s\000s\000\040\000s\000p\000e\000c\000t\000r\000o\000m\000e\000t\000r\000y}{chapter.1}% 4
\BOOKMARK [2][-]{subsection.1.2.1}{\376\377\000N\000u\000c\000l\000e\000a\000r\000\040\000i\000s\000o\000m\000e\000r\000\040\000s\000t\000u\000d\000i\000e\000s}{section.1.2}% 5
\BOOKMARK [2][-]{subsection.1.2.2}{\376\377\000N\000u\000c\000l\000e\000a\000r\000\040\000t\000w\000o\000-\000p\000h\000o\000t\000o\000n\000\040\000d\000e\000c\000a\000y}{section.1.2}% 6
\BOOKMARK [0][-]{chapter.2}{\376\377\000T\000h\000e\000o\000r\000e\000t\000i\000c\000a\000l\000\040\000f\000r\000a\000m\000e\000w\000o\000r\000k}{}% 7
\BOOKMARK [1][-]{section.2.1}{\376\377\000N\000u\000c\000l\000e\000a\000r\000\040\000s\000t\000r\000u\000c\000t\000u\000r\000e\000\040\000t\000o\000p\000i\000c\000s}{chapter.2}% 8
\BOOKMARK [2][-]{subsection.2.1.1}{\376\377\000T\000w\000o\000-\000p\000h\000o\000t\000o\000n\000\040\000d\000e\000c\000a\000y\000\040\000a\000s\000\040\000a\000\040\000s\000e\000c\000o\000n\000d\000\040\000o\000r\000d\000e\000r\000\040\000p\000e\000r\000t\000u\000r\000b\000a\000t\000i\000o\000n\000\040\000t\000h\000e\000o\000r\000y}{section.2.1}% 9
\BOOKMARK [1][-]{section.2.2}{\376\377\000I\000o\000n\000\040\000d\000y\000n\000a\000m\000i\000c\000s\000\040\000a\000t\000\040\000s\000t\000o\000r\000a\000g\000e\000\040\000r\000i\000n\000g\000s}{chapter.2}% 10
\BOOKMARK [1][-]{section.2.3}{\376\377\000S\000c\000h\000o\000t\000t\000k\000y\000\040\000c\000a\000v\000i\000t\000y\000\040\000r\000e\000s\000o\000n\000a\000t\000o\000r\000s}{chapter.2}% 11
\BOOKMARK [0][-]{chapter.3}{\376\377\000M\000e\000t\000h\000o\000d\000o\000l\000o\000g\000y}{}% 12
\BOOKMARK [0][-]{chapter.4}{\376\377\000R\000e\000s\000u\000l\000t\000s\000\040\000o\000f\000\040\000E\0001\0004\0003}{}% 13
\BOOKMARK [1][-]{section.4.1}{\376\377\000N\000u\000c\000l\000e\000a\000r\000\040\000t\000w\000o\000-\000p\000h\000o\000t\000o\000n\000\040\000d\000e\000c\000a\000y\000\040\000a\000t\000\040\000a\000\040\000h\000e\000a\000v\000y\000-\000i\000o\000n\000\040\000s\000t\000o\000r\000a\000g\000e\000\040\000r\000i\000n\000g}{chapter.4}% 14
\BOOKMARK [2][-]{subsection.4.1.1}{\376\377\000M\000e\000t\000h\000o\000d\000o\000l\000o\000g\000y}{section.4.1}% 15
\BOOKMARK [2][-]{subsection.4.1.2}{\376\377\000I\000s\000o\000c\000h\000r\000o\000n\000i\000c\000i\000t\000y}{section.4.1}% 16
\BOOKMARK [1][-]{section.4.2}{\376\377\000R\000e\000s\000u\000l\000t\000s}{chapter.4}% 17
\BOOKMARK [2][-]{subsection.4.2.1}{\376\377\000E\000n\000e\000r\000g\000y\000\040\000m\000e\000a\000s\000u\000r\000e\000m\000e\000n\000t}{section.4.2}% 18
\BOOKMARK [1][-]{section.4.3}{\376\377\000D\000i\000s\000c\000u\000s\000s\000i\000o\000n}{chapter.4}% 19
\BOOKMARK [1][-]{section.4.4}{\376\377\000E\000l\000e\000c\000t\000r\000o\000n\000\040\000c\000o\000n\000v\000e\000r\000s\000i\000o\000n\000\040\000f\000a\000c\000t\000o\000r\000\040\000m\000e\000a\000s\000u\000r\000e\000m\000e\000n\000t\000s}{chapter.4}% 20
\BOOKMARK [0][-]{chapter.5}{\376\377\000C\000o\000n\000c\000l\000u\000s\000i\000o\000n\000s\000\040\000a\000n\000d\000\040\000o\000v\000e\000r\000l\000o\000o\000k}{}% 21
\BOOKMARK [0][-]{section*.23}{\376\377\000A\000c\000k\000n\000o\000w\000l\000e\000d\000g\000e\000m\000e\000n\000t\000s}{}% 22
\BOOKMARK [0][-]{section*.24}{\376\377\000B\000i\000b\000l\000i\000o\000g\000r\000a\000p\000h\000y}{}% 23
